{"C:\\Users\\gonxa\\OneDrive\\Documentos\\Desarrollos\\typescript-react\\03-gifs-app\\src\\GifsApp.tsx": {"path":"C:\\Users\\gonxa\\OneDrive\\Documentos\\Desarrollos\\typescript-react\\03-gifs-app\\src\\GifsApp.tsx","statementMap":{"0":{"start":{"line":7,"column":23},"end":{"line":25,"column":null}},"1":{"start":{"line":8,"column":71},"end":{"line":8,"column":null}},"2":{"start":{"line":10,"column":4},"end":{"line":22,"column":null}}},"fnMap":{"0":{"name":"(anonymous_0)","decl":{"start":{"line":7,"column":23},"end":{"line":7,"column":null}},"loc":{"start":{"line":7,"column":23},"end":{"line":25,"column":null}},"line":7}},"branchMap":{},"s":{"0":1,"1":1,"2":1},"f":{"0":1},"b":{},"meta":{"lastBranch":0,"lastFunction":1,"lastStatement":3,"seen":{"s:7:23:25:Infinity":0,"f:7:23:7:Infinity":0,"s:8:71:8:Infinity":1,"s:10:4:22:Infinity":2}}}
,"C:\\Users\\gonxa\\OneDrive\\Documentos\\Desarrollos\\typescript-react\\03-gifs-app\\src\\counter\\components\\MyCounterApp.tsx": {"path":"C:\\Users\\gonxa\\OneDrive\\Documentos\\Desarrollos\\typescript-react\\03-gifs-app\\src\\counter\\components\\MyCounterApp.tsx","statementMap":{"0":{"start":{"line":3,"column":28},"end":{"line":17,"column":null}},"1":{"start":{"line":5,"column":61},"end":{"line":5,"column":null}},"2":{"start":{"line":7,"column":4},"end":{"line":13,"column":null}}},"fnMap":{"0":{"name":"(anonymous_0)","decl":{"start":{"line":3,"column":28},"end":{"line":3,"column":null}},"loc":{"start":{"line":3,"column":28},"end":{"line":17,"column":null}},"line":3}},"branchMap":{},"s":{"0":2,"1":10,"2":10},"f":{"0":10},"b":{},"meta":{"lastBranch":0,"lastFunction":1,"lastStatement":3,"seen":{"s:3:28:17:Infinity":0,"f:3:28:3:Infinity":0,"s:5:61:5:Infinity":1,"s:7:4:13:Infinity":2}}}
,"C:\\Users\\gonxa\\OneDrive\\Documentos\\Desarrollos\\typescript-react\\03-gifs-app\\src\\counter\\hooks\\useCounter.tsx": {"path":"C:\\Users\\gonxa\\OneDrive\\Documentos\\Desarrollos\\typescript-react\\03-gifs-app\\src\\counter\\hooks\\useCounter.tsx","statementMap":{"0":{"start":{"line":3,"column":26},"end":{"line":24,"column":null}},"1":{"start":{"line":4,"column":31},"end":{"line":4,"column":null}},"2":{"start":{"line":6,"column":22},"end":{"line":8,"column":null}},"3":{"start":{"line":7,"column":8},"end":{"line":7,"column":null}},"4":{"start":{"line":9,"column":27},"end":{"line":11,"column":null}},"5":{"start":{"line":10,"column":8},"end":{"line":10,"column":null}},"6":{"start":{"line":10,"column":34},"end":{"line":10,"column":null}},"7":{"start":{"line":12,"column":24},"end":{"line":14,"column":null}},"8":{"start":{"line":13,"column":8},"end":{"line":13,"column":null}},"9":{"start":{"line":16,"column":4},"end":{"line":23,"column":null}}},"fnMap":{"0":{"name":"(anonymous_0)","decl":{"start":{"line":3,"column":26},"end":{"line":3,"column":27}},"loc":{"start":{"line":3,"column":43},"end":{"line":24,"column":null}},"line":3},"1":{"name":"(anonymous_1)","decl":{"start":{"line":6,"column":22},"end":{"line":6,"column":null}},"loc":{"start":{"line":6,"column":22},"end":{"line":8,"column":null}},"line":6},"2":{"name":"(anonymous_2)","decl":{"start":{"line":9,"column":27},"end":{"line":9,"column":null}},"loc":{"start":{"line":9,"column":27},"end":{"line":11,"column":null}},"line":9},"3":{"name":"(anonymous_3)","decl":{"start":{"line":10,"column":19},"end":{"line":10,"column":20}},"loc":{"start":{"line":10,"column":34},"end":{"line":10,"column":null}},"line":10},"4":{"name":"(anonymous_4)","decl":{"start":{"line":12,"column":24},"end":{"line":12,"column":null}},"loc":{"start":{"line":12,"column":24},"end":{"line":14,"column":null}},"line":12}},"branchMap":{"0":{"loc":{"start":{"line":3,"column":27},"end":{"line":3,"column":43}},"type":"default-arg","locations":[{"start":{"line":3,"column":41},"end":{"line":3,"column":43}}],"line":3}},"s":{"0":2,"1":16,"2":16,"3":4,"4":16,"5":2,"6":2,"7":16,"8":2,"9":16},"f":{"0":16,"1":4,"2":2,"3":2,"4":2},"b":{"0":[16]},"meta":{"lastBranch":1,"lastFunction":5,"lastStatement":10,"seen":{"s:3:26:24:Infinity":0,"f:3:26:3:27":0,"b:3:41:3:43":0,"s:4:31:4:Infinity":1,"s:6:22:8:Infinity":2,"f:6:22:6:Infinity":1,"s:7:8:7:Infinity":3,"s:9:27:11:Infinity":4,"f:9:27:9:Infinity":2,"s:10:8:10:Infinity":5,"f:10:19:10:20":3,"s:10:34:10:Infinity":6,"s:12:24:14:Infinity":7,"f:12:24:12:Infinity":4,"s:13:8:13:Infinity":8,"s:16:4:23:Infinity":9}}}
,"C:\\Users\\gonxa\\OneDrive\\Documentos\\Desarrollos\\typescript-react\\03-gifs-app\\src\\gifs\\actions\\get-gifs-by-query.action.ts": {"path":"C:\\Users\\gonxa\\OneDrive\\Documentos\\Desarrollos\\typescript-react\\03-gifs-app\\src\\gifs\\actions\\get-gifs-by-query.action.ts","statementMap":{"0":{"start":{"line":5,"column":30},"end":{"line":30,"column":null}},"1":{"start":{"line":7,"column":4},"end":{"line":7,"column":null}},"2":{"start":{"line":7,"column":35},"end":{"line":7,"column":null}},"3":{"start":{"line":10,"column":4},"end":{"line":29,"column":null}},"4":{"start":{"line":11,"column":25},"end":{"line":16,"column":null}},"5":{"start":{"line":18,"column":8},"end":{"line":24,"column":null}},"6":{"start":{"line":18,"column":48},"end":{"line":24,"column":null}},"7":{"start":{"line":27,"column":8},"end":{"line":27,"column":null}},"8":{"start":{"line":28,"column":8},"end":{"line":28,"column":null}}},"fnMap":{"0":{"name":"(anonymous_0)","decl":{"start":{"line":5,"column":30},"end":{"line":5,"column":37}},"loc":{"start":{"line":5,"column":37},"end":{"line":30,"column":null}},"line":5},"1":{"name":"(anonymous_1)","decl":{"start":{"line":18,"column":38},"end":{"line":18,"column":39}},"loc":{"start":{"line":18,"column":48},"end":{"line":24,"column":null}},"line":18}},"branchMap":{"0":{"loc":{"start":{"line":7,"column":4},"end":{"line":7,"column":null}},"type":"if","locations":[{"start":{"line":7,"column":4},"end":{"line":7,"column":null}},{"start":{},"end":{}}],"line":7}},"s":{"0":3,"1":6,"2":1,"3":5,"4":5,"5":4,"6":40,"7":1,"8":1},"f":{"0":6,"1":40},"b":{"0":[1,5]},"meta":{"lastBranch":1,"lastFunction":2,"lastStatement":9,"seen":{"s:5:30:30:Infinity":0,"f:5:30:5:37":0,"b:7:4:7:Infinity:undefined:undefined:undefined:undefined":0,"s:7:4:7:Infinity":1,"s:7:35:7:Infinity":2,"s:10:4:29:Infinity":3,"s:11:25:16:Infinity":4,"s:18:8:24:Infinity":5,"f:18:38:18:39":1,"s:18:48:24:Infinity":6,"s:27:8:27:Infinity":7,"s:28:8:28:Infinity":8}}}
,"C:\\Users\\gonxa\\OneDrive\\Documentos\\Desarrollos\\typescript-react\\03-gifs-app\\src\\gifs\\api\\giphy.api.ts": {"path":"C:\\Users\\gonxa\\OneDrive\\Documentos\\Desarrollos\\typescript-react\\03-gifs-app\\src\\gifs\\api\\giphy.api.ts","statementMap":{"0":{"start":{"line":3,"column":24},"end":{"line":9,"column":null}}},"fnMap":{},"branchMap":{},"s":{"0":4},"f":{},"b":{},"meta":{"lastBranch":0,"lastFunction":0,"lastStatement":1,"seen":{"s:3:24:9:Infinity":0}}}
,"C:\\Users\\gonxa\\OneDrive\\Documentos\\Desarrollos\\typescript-react\\03-gifs-app\\src\\gifs\\components\\GifList.tsx": {"path":"C:\\Users\\gonxa\\OneDrive\\Documentos\\Desarrollos\\typescript-react\\03-gifs-app\\src\\gifs\\components\\GifList.tsx","statementMap":{"0":{"start":{"line":8,"column":41},"end":{"line":22,"column":null}},"1":{"start":{"line":9,"column":4},"end":{"line":12,"column":38}},"2":{"start":{"line":11,"column":37},"end":{"line":12,"column":38}}},"fnMap":{"0":{"name":"(anonymous_0)","decl":{"start":{"line":8,"column":41},"end":{"line":8,"column":42}},"loc":{"start":{"line":8,"column":85},"end":{"line":22,"column":null}},"line":8},"1":{"name":"(anonymous_1)","decl":{"start":{"line":11,"column":36},"end":{"line":11,"column":37}},"loc":{"start":{"line":11,"column":37},"end":{"line":12,"column":38}},"line":11}},"branchMap":{"0":{"loc":{"start":{"line":11,"column":13},"end":{"line":12,"column":38}},"type":"binary-expr","locations":[{"start":{"line":11,"column":13},"end":{"line":11,"column":24}},{"start":{"line":11,"column":24},"end":{"line":12,"column":38}}],"line":11}},"s":{"0":1,"1":1,"2":0},"f":{"0":1,"1":0},"b":{"0":[1,1]},"meta":{"lastBranch":1,"lastFunction":2,"lastStatement":3,"seen":{"s:8:41:22:Infinity":0,"f:8:41:8:42":0,"s:9:4:12:38":1,"b:11:13:11:24:11:24:12:38":0,"f:11:36:11:37":1,"s:11:37:12:38":2}}}
,"C:\\Users\\gonxa\\OneDrive\\Documentos\\Desarrollos\\typescript-react\\03-gifs-app\\src\\gifs\\components\\PreviousSearches.tsx": {"path":"C:\\Users\\gonxa\\OneDrive\\Documentos\\Desarrollos\\typescript-react\\03-gifs-app\\src\\gifs\\components\\PreviousSearches.tsx","statementMap":{"0":{"start":{"line":10,"column":59},"end":{"line":21,"column":null}},"1":{"start":{"line":11,"column":4},"end":{"line":16,"column":37}},"2":{"start":{"line":15,"column":31},"end":{"line":16,"column":37}},"3":{"start":{"line":16,"column":52},"end":{"line":16,"column":77}}},"fnMap":{"0":{"name":"(anonymous_0)","decl":{"start":{"line":10,"column":59},"end":{"line":10,"column":60}},"loc":{"start":{"line":10,"column":95},"end":{"line":21,"column":null}},"line":10},"1":{"name":"(anonymous_1)","decl":{"start":{"line":15,"column":30},"end":{"line":15,"column":31}},"loc":{"start":{"line":15,"column":31},"end":{"line":16,"column":37}},"line":15},"2":{"name":"(anonymous_2)","decl":{"start":{"line":16,"column":46},"end":{"line":16,"column":52}},"loc":{"start":{"line":16,"column":52},"end":{"line":16,"column":77}},"line":16}},"branchMap":{},"s":{"0":1,"1":1,"2":0,"3":0},"f":{"0":1,"1":0,"2":0},"b":{},"meta":{"lastBranch":0,"lastFunction":3,"lastStatement":4,"seen":{"s:10:59:21:Infinity":0,"f:10:59:10:60":0,"s:11:4:16:37":1,"f:15:30:15:31":1,"s:15:31:16:37":2,"f:16:46:16:52":2,"s:16:52:16:77":3}}}
,"C:\\Users\\gonxa\\OneDrive\\Documentos\\Desarrollos\\typescript-react\\03-gifs-app\\src\\gifs\\hook\\useGifs.tsx": {"path":"C:\\Users\\gonxa\\OneDrive\\Documentos\\Desarrollos\\typescript-react\\03-gifs-app\\src\\gifs\\hook\\useGifs.tsx","statementMap":{"0":{"start":{"line":5,"column":23},"end":{"line":46,"column":null}},"1":{"start":{"line":6,"column":25},"end":{"line":6,"column":null}},"2":{"start":{"line":7,"column":49},"end":{"line":7,"column":null}},"3":{"start":{"line":9,"column":10},"end":{"line":9,"column":null}},"4":{"start":{"line":11,"column":32},"end":{"line":20,"column":null}},"5":{"start":{"line":12,"column":8},"end":{"line":15,"column":null}},"6":{"start":{"line":13,"column":12},"end":{"line":13,"column":null}},"7":{"start":{"line":14,"column":12},"end":{"line":14,"column":null}},"8":{"start":{"line":17,"column":21},"end":{"line":17,"column":null}},"9":{"start":{"line":18,"column":8},"end":{"line":18,"column":null}},"10":{"start":{"line":19,"column":8},"end":{"line":19,"column":null}},"11":{"start":{"line":22,"column":25},"end":{"line":36,"column":null}},"12":{"start":{"line":23,"column":8},"end":{"line":23,"column":null}},"13":{"start":{"line":24,"column":8},"end":{"line":24,"column":null}},"14":{"start":{"line":24,"column":32},"end":{"line":24,"column":null}},"15":{"start":{"line":25,"column":8},"end":{"line":25,"column":null}},"16":{"start":{"line":25,"column":46},"end":{"line":25,"column":null}},"17":{"start":{"line":26,"column":8},"end":{"line":28,"column":null}},"18":{"start":{"line":27,"column":12},"end":{"line":27,"column":null}},"19":{"start":{"line":29,"column":8},"end":{"line":29,"column":null}},"20":{"start":{"line":31,"column":21},"end":{"line":31,"column":null}},"21":{"start":{"line":32,"column":8},"end":{"line":32,"column":null}},"22":{"start":{"line":34,"column":8},"end":{"line":34,"column":null}},"23":{"start":{"line":35,"column":8},"end":{"line":35,"column":null}},"24":{"start":{"line":38,"column":4},"end":{"line":45,"column":null}}},"fnMap":{"0":{"name":"(anonymous_0)","decl":{"start":{"line":5,"column":23},"end":{"line":5,"column":null}},"loc":{"start":{"line":5,"column":23},"end":{"line":46,"column":null}},"line":5},"1":{"name":"(anonymous_1)","decl":{"start":{"line":11,"column":32},"end":{"line":11,"column":39}},"loc":{"start":{"line":11,"column":39},"end":{"line":20,"column":null}},"line":11},"2":{"name":"(anonymous_2)","decl":{"start":{"line":22,"column":25},"end":{"line":22,"column":32}},"loc":{"start":{"line":22,"column":50},"end":{"line":36,"column":null}},"line":22}},"branchMap":{"0":{"loc":{"start":{"line":12,"column":8},"end":{"line":15,"column":null}},"type":"if","locations":[{"start":{"line":12,"column":8},"end":{"line":15,"column":null}},{"start":{},"end":{}}],"line":12},"1":{"loc":{"start":{"line":22,"column":32},"end":{"line":22,"column":50}},"type":"default-arg","locations":[{"start":{"line":22,"column":48},"end":{"line":22,"column":50}}],"line":22},"2":{"loc":{"start":{"line":24,"column":8},"end":{"line":24,"column":null}},"type":"if","locations":[{"start":{"line":24,"column":8},"end":{"line":24,"column":null}},{"start":{},"end":{}}],"line":24},"3":{"loc":{"start":{"line":25,"column":8},"end":{"line":25,"column":null}},"type":"if","locations":[{"start":{"line":25,"column":8},"end":{"line":25,"column":null}},{"start":{},"end":{}}],"line":25},"4":{"loc":{"start":{"line":26,"column":8},"end":{"line":28,"column":null}},"type":"if","locations":[{"start":{"line":26,"column":8},"end":{"line":28,"column":null}},{"start":{},"end":{}}],"line":26}},"s":{"0":2,"1":20,"2":20,"3":20,"4":20,"5":3,"6":1,"7":1,"8":2,"9":2,"10":2,"11":20,"12":11,"13":11,"14":0,"15":11,"16":0,"17":11,"18":2,"19":11,"20":11,"21":11,"22":11,"23":11,"24":20},"f":{"0":20,"1":3,"2":11},"b":{"0":[1,2],"1":[11],"2":[0,11],"3":[0,11],"4":[2,9]},"meta":{"lastBranch":5,"lastFunction":3,"lastStatement":25,"seen":{"s:5:23:46:Infinity":0,"f:5:23:5:Infinity":0,"s:6:25:6:Infinity":1,"s:7:49:7:Infinity":2,"s:9:10:9:Infinity":3,"s:11:32:20:Infinity":4,"f:11:32:11:39":1,"b:12:8:15:Infinity:undefined:undefined:undefined:undefined":0,"s:12:8:15:Infinity":5,"s:13:12:13:Infinity":6,"s:14:12:14:Infinity":7,"s:17:21:17:Infinity":8,"s:18:8:18:Infinity":9,"s:19:8:19:Infinity":10,"s:22:25:36:Infinity":11,"f:22:25:22:32":2,"b:22:48:22:50":1,"s:23:8:23:Infinity":12,"b:24:8:24:Infinity:undefined:undefined:undefined:undefined":2,"s:24:8:24:Infinity":13,"s:24:32:24:Infinity":14,"b:25:8:25:Infinity:undefined:undefined:undefined:undefined":3,"s:25:8:25:Infinity":15,"s:25:46:25:Infinity":16,"b:26:8:28:Infinity:undefined:undefined:undefined:undefined":4,"s:26:8:28:Infinity":17,"s:27:12:27:Infinity":18,"s:29:8:29:Infinity":19,"s:31:21:31:Infinity":20,"s:32:8:32:Infinity":21,"s:34:8:34:Infinity":22,"s:35:8:35:Infinity":23,"s:38:4:45:Infinity":24}}}
,"C:\\Users\\gonxa\\OneDrive\\Documentos\\Desarrollos\\typescript-react\\03-gifs-app\\src\\shared\\components\\CustomHeader.tsx": {"path":"C:\\Users\\gonxa\\OneDrive\\Documentos\\Desarrollos\\typescript-react\\03-gifs-app\\src\\shared\\components\\CustomHeader.tsx","statementMap":{"0":{"start":{"line":6,"column":28},"end":{"line":13,"column":null}},"1":{"start":{"line":7,"column":4},"end":{"line":10,"column":null}}},"fnMap":{"0":{"name":"(anonymous_0)","decl":{"start":{"line":6,"column":28},"end":{"line":6,"column":29}},"loc":{"start":{"line":6,"column":67},"end":{"line":13,"column":null}},"line":6}},"branchMap":{"0":{"loc":{"start":{"line":10,"column":13},"end":{"line":10,"column":null}},"type":"binary-expr","locations":[{"start":{"line":10,"column":13},"end":{"line":10,"column":25}},{"start":{"line":10,"column":13},"end":{"line":10,"column":null}}],"line":10}},"s":{"0":2,"1":4},"f":{"0":4},"b":{"0":[4,2]},"meta":{"lastBranch":1,"lastFunction":1,"lastStatement":2,"seen":{"s:6:28:13:Infinity":0,"f:6:28:6:29":0,"s:7:4:10:Infinity":1,"b:10:13:10:25:10:13:10:Infinity":0}}}
,"C:\\Users\\gonxa\\OneDrive\\Documentos\\Desarrollos\\typescript-react\\03-gifs-app\\src\\shared\\components\\CustomSearch.tsx": {"path":"C:\\Users\\gonxa\\OneDrive\\Documentos\\Desarrollos\\typescript-react\\03-gifs-app\\src\\shared\\components\\CustomSearch.tsx","statementMap":{"0":{"start":{"line":9,"column":28},"end":{"line":44,"column":null}},"1":{"start":{"line":10,"column":27},"end":{"line":10,"column":null}},"2":{"start":{"line":12,"column":4},"end":{"line":20,"column":null}},"3":{"start":{"line":13,"column":25},"end":{"line":15,"column":null}},"4":{"start":{"line":14,"column":12},"end":{"line":14,"column":null}},"5":{"start":{"line":17,"column":8},"end":{"line":19,"column":null}},"6":{"start":{"line":18,"column":12},"end":{"line":18,"column":null}},"7":{"start":{"line":22,"column":25},"end":{"line":24,"column":null}},"8":{"start":{"line":23,"column":8},"end":{"line":23,"column":null}},"9":{"start":{"line":26,"column":26},"end":{"line":30,"column":null}},"10":{"start":{"line":27,"column":8},"end":{"line":29,"column":null}},"11":{"start":{"line":28,"column":12},"end":{"line":28,"column":null}},"12":{"start":{"line":32,"column":4},"end":{"line":41,"column":null}},"13":{"start":{"line":38,"column":31},"end":{"line":38,"column":null}}},"fnMap":{"0":{"name":"(anonymous_0)","decl":{"start":{"line":9,"column":28},"end":{"line":9,"column":29}},"loc":{"start":{"line":9,"column":84},"end":{"line":44,"column":null}},"line":9},"1":{"name":"(anonymous_1)","decl":{"start":{"line":12,"column":14},"end":{"line":12,"column":null}},"loc":{"start":{"line":12,"column":14},"end":{"line":20,"column":7}},"line":12},"2":{"name":"(anonymous_2)","decl":{"start":{"line":13,"column":36},"end":{"line":13,"column":null}},"loc":{"start":{"line":13,"column":36},"end":{"line":15,"column":11}},"line":13},"3":{"name":"(anonymous_3)","decl":{"start":{"line":17,"column":15},"end":{"line":17,"column":null}},"loc":{"start":{"line":17,"column":15},"end":{"line":19,"column":null}},"line":17},"4":{"name":"(anonymous_4)","decl":{"start":{"line":22,"column":25},"end":{"line":22,"column":null}},"loc":{"start":{"line":22,"column":25},"end":{"line":24,"column":null}},"line":22},"5":{"name":"(anonymous_5)","decl":{"start":{"line":26,"column":26},"end":{"line":26,"column":27}},"loc":{"start":{"line":26,"column":27},"end":{"line":30,"column":null}},"line":26},"6":{"name":"(anonymous_6)","decl":{"start":{"line":38,"column":26},"end":{"line":38,"column":31}},"loc":{"start":{"line":38,"column":31},"end":{"line":38,"column":null}},"line":38}},"branchMap":{"0":{"loc":{"start":{"line":27,"column":8},"end":{"line":29,"column":null}},"type":"if","locations":[{"start":{"line":27,"column":8},"end":{"line":29,"column":null}},{"start":{},"end":{}}],"line":27}},"s":{"0":2,"1":12,"2":12,"3":12,"4":2,"5":12,"6":12,"7":12,"8":1,"9":12,"10":0,"11":0,"12":12,"13":6},"f":{"0":12,"1":12,"2":2,"3":12,"4":1,"5":0,"6":6},"b":{"0":[0,0]},"meta":{"lastBranch":1,"lastFunction":7,"lastStatement":14,"seen":{"s:9:28:44:Infinity":0,"f:9:28:9:29":0,"s:10:27:10:Infinity":1,"s:12:4:20:Infinity":2,"f:12:14:12:Infinity":1,"s:13:25:15:Infinity":3,"f:13:36:13:Infinity":2,"s:14:12:14:Infinity":4,"s:17:8:19:Infinity":5,"f:17:15:17:Infinity":3,"s:18:12:18:Infinity":6,"s:22:25:24:Infinity":7,"f:22:25:22:Infinity":4,"s:23:8:23:Infinity":8,"s:26:26:30:Infinity":9,"f:26:26:26:27":5,"b:27:8:29:Infinity:undefined:undefined:undefined:undefined":0,"s:27:8:29:Infinity":10,"s:28:12:28:Infinity":11,"s:32:4:41:Infinity":12,"f:38:26:38:31":6,"s:38:31:38:Infinity":13}}}
,"C:\\Users\\gonxa\\OneDrive\\Documentos\\Desarrollos\\typescript-react\\03-gifs-app\\test\\giphy.response.data.ts": {"path":"C:\\Users\\gonxa\\OneDrive\\Documentos\\Desarrollos\\typescript-react\\03-gifs-app\\test\\giphy.response.data.ts","statementMap":{"0":{"start":{"line":2,"column":0},"end":{"line":2039,"column":null}}},"fnMap":{},"branchMap":{},"s":{"0":1},"f":{},"b":{},"meta":{"lastBranch":0,"lastFunction":0,"lastStatement":1,"seen":{"s:2:0:2039:Infinity":0}}}
}
